2022-10-17 16:20:54,664 -- scheduler_log -- INFO -- cmp_new length is 0
2022-10-17 16:20:54,824 -- scheduler_log -- INFO -- rec_new length is 0
2022-10-17 16:25:54,297 -- scheduler_log -- INFO -- jobid_list has no jobid to be crawled.
2022-10-17 16:25:54,422 -- scheduler_log -- INFO -- jobcard_cmd: scrapy crawl lp_jobcard -a key_word=人事经理 -a city=050090
2022-10-17 16:28:07,427 -- scheduler_log -- INFO -- jobcard_cmd result : 0
2022-10-17 16:28:07,493 -- scheduler_log -- INFO -- jobcard_cmd scrapy crawl lp_jobcard -a key_word=人事经理 -a city=050090 finish executed.
2022-10-17 16:30:55,030 -- scheduler_log -- INFO -- cmp_new length is 220
2022-10-17 16:30:55,058 -- scheduler_log -- INFO -- rec_new length is 269
2022-10-17 16:40:54,476 -- scheduler_log -- INFO -- jobcard_cmd: scrapy crawl lp_jobcard -a key_word=人事经理 -a city=020
2022-10-17 16:40:55,309 -- scheduler_log -- INFO -- cmp_new length is 0
2022-10-17 16:40:55,583 -- scheduler_log -- INFO -- rec_new length is 0
2022-10-17 16:43:38,339 -- scheduler_log -- INFO -- jobcard_cmd result : 0
2022-10-17 16:43:38,387 -- scheduler_log -- INFO -- jobcard_cmd scrapy crawl lp_jobcard -a key_word=人事经理 -a city=020 finish executed.
2022-10-17 16:50:55,033 -- scheduler_log -- INFO -- cmp_new length is 257
2022-10-17 16:50:55,118 -- scheduler_log -- INFO -- rec_new length is 340
2022-10-17 16:55:54,457 -- scheduler_log -- INFO -- jobcard_cmd: scrapy crawl lp_jobcard -a key_word=产品经理 -a city=280020
2022-10-17 16:58:30,740 -- scheduler_log -- INFO -- jobcard_cmd result : 0
2022-10-17 16:58:30,845 -- scheduler_log -- INFO -- jobcard_cmd scrapy crawl lp_jobcard -a key_word=产品经理 -a city=280020 finish executed.
2022-10-17 17:00:55,553 -- scheduler_log -- INFO -- rec_new length is 269
2022-10-17 17:00:55,757 -- scheduler_log -- INFO -- cmp_new length is 247
2022-10-17 17:10:54,440 -- scheduler_log -- INFO -- jobcard_cmd: scrapy crawl lp_jobcard -a key_word=互联网运营 -a city=050090
2022-10-17 17:10:54,655 -- scheduler_log -- INFO -- cmp_new length is 11
2022-10-17 17:10:54,912 -- scheduler_log -- INFO -- rec_new length is 0
2022-10-17 17:12:19,653 -- scheduler_log -- INFO -- jobcard_cmd result : 0
2022-10-17 17:12:19,702 -- scheduler_log -- INFO -- jobcard_cmd scrapy crawl lp_jobcard -a key_word=互联网运营 -a city=050090 finish executed.
2022-10-17 17:25:54,717 -- scheduler_log -- INFO -- jobcard_cmd: scrapy crawl lp_jobcard -a key_word=需求分析师 -a city=020
2022-10-17 17:32:40,494 -- scheduler_log -- INFO -- jobcard_cmd result : 0
2022-10-17 17:32:40,660 -- scheduler_log -- INFO -- jobcard_cmd scrapy crawl lp_jobcard -a key_word=需求分析师 -a city=020 finish executed.
2022-10-17 17:40:54,461 -- scheduler_log -- INFO -- jobcard_cmd: scrapy crawl lp_jobcard -a key_word=需求分析师 -a city=010
2022-10-17 17:40:54,869 -- scheduler_log -- INFO -- cmp_new length is 205
2022-10-17 17:41:19,997 -- scheduler_log -- INFO -- jobcard_cmd result : 0
2022-10-17 17:41:20,038 -- scheduler_log -- INFO -- jobcard_cmd scrapy crawl lp_jobcard -a key_word=需求分析师 -a city=010 finish executed.
2022-10-17 17:50:54,719 -- scheduler_log -- INFO -- cmp_new length is 63
2022-10-17 17:50:55,068 -- scheduler_log -- INFO -- rec_new length is 250
2022-10-17 17:55:54,631 -- scheduler_log -- INFO -- jobcard_cmd: scrapy crawl lp_jobcard -a key_word=互联网运营 -a city=170020
2022-10-17 17:56:06,914 -- scheduler_log -- INFO -- jobcard_cmd result : 0
2022-10-17 17:56:06,953 -- scheduler_log -- INFO -- jobcard_cmd scrapy crawl lp_jobcard -a key_word=互联网运营 -a city=170020 finish executed.
2022-10-17 18:00:54,631 -- scheduler_log -- INFO -- cmp_new length is 43
2022-10-17 18:00:54,781 -- scheduler_log -- INFO -- rec_new length is 22
2022-10-17 18:10:54,541 -- scheduler_log -- INFO -- jobcard_cmd: scrapy crawl lp_jobcard -a key_word=产品经理 -a city=020
2022-10-17 18:10:54,756 -- scheduler_log -- INFO -- cmp_new length is 27
2022-10-17 18:13:07,294 -- scheduler_log -- INFO -- jobcard_cmd result : 0
2022-10-17 18:13:07,331 -- scheduler_log -- INFO -- jobcard_cmd scrapy crawl lp_jobcard -a key_word=产品经理 -a city=020 finish executed.
2022-10-17 18:20:55,009 -- scheduler_log -- INFO -- cmp_new length is 271
2022-10-17 18:20:55,034 -- scheduler_log -- INFO -- rec_new length is 310
2022-10-17 18:25:54,463 -- scheduler_log -- INFO -- jobcard_cmd: scrapy crawl lp_jobcard -a key_word=用户增长 -a city=010
2022-10-17 18:28:03,053 -- scheduler_log -- INFO -- jobcard_cmd result : 0
2022-10-17 18:28:03,093 -- scheduler_log -- INFO -- jobcard_cmd scrapy crawl lp_jobcard -a key_word=用户增长 -a city=010 finish executed.
2022-10-17 18:30:54,839 -- scheduler_log -- INFO -- cmp_new length is 206
2022-10-17 18:30:55,488 -- scheduler_log -- INFO -- rec_new length is 219
2022-10-17 18:40:54,530 -- scheduler_log -- INFO -- jobcard_cmd: scrapy crawl lp_jobcard -a key_word=产品经理 -a city=070020
2022-10-17 18:40:55,036 -- scheduler_log -- INFO -- cmp_new length is 48
2022-10-17 18:40:55,348 -- scheduler_log -- INFO -- rec_new length is 0
2022-10-17 18:43:10,569 -- scheduler_log -- INFO -- jobcard_cmd result : 0
2022-10-17 18:43:10,595 -- scheduler_log -- INFO -- jobcard_cmd scrapy crawl lp_jobcard -a key_word=产品经理 -a city=070020 finish executed.
2022-10-17 18:50:55,004 -- scheduler_log -- INFO -- cmp_new length is 247
2022-10-17 18:50:55,113 -- scheduler_log -- INFO -- rec_new length is 280
2022-10-17 18:55:54,368 -- scheduler_log -- INFO -- jobcard_cmd: scrapy crawl lp_jobcard -a key_word=互联网运营 -a city=010
2022-10-17 18:57:54,785 -- scheduler_log -- INFO -- jobcard_cmd result : 0
2022-10-17 18:57:54,832 -- scheduler_log -- INFO -- jobcard_cmd scrapy crawl lp_jobcard -a key_word=互联网运营 -a city=010 finish executed.
2022-10-17 19:00:55,008 -- scheduler_log -- INFO -- cmp_new length is 228
2022-10-17 19:00:55,140 -- scheduler_log -- INFO -- rec_new length is 141
2022-10-17 19:10:54,572 -- scheduler_log -- INFO -- jobcard_cmd: scrapy crawl lp_jobcard -a key_word=产品经理 -a city=010
2022-10-17 19:10:55,047 -- scheduler_log -- INFO -- cmp_new length is 92
2022-10-17 19:10:56,333 -- scheduler_log -- INFO -- rec_new length is 0
2022-10-17 19:13:05,084 -- scheduler_log -- INFO -- jobcard_cmd result : 0
2022-10-17 19:13:05,153 -- scheduler_log -- INFO -- jobcard_cmd scrapy crawl lp_jobcard -a key_word=产品经理 -a city=010 finish executed.
2022-10-17 19:20:55,118 -- scheduler_log -- INFO -- cmp_new length is 306
2022-10-17 19:20:55,205 -- scheduler_log -- INFO -- rec_new length is 247
2022-10-17 19:25:54,428 -- scheduler_log -- INFO -- jobcard_cmd: scrapy crawl lp_jobcard -a key_word=需求分析师 -a city=170020
2022-10-17 19:26:07,674 -- scheduler_log -- INFO -- jobcard_cmd result : 0
2022-10-17 19:26:07,703 -- scheduler_log -- INFO -- jobcard_cmd scrapy crawl lp_jobcard -a key_word=需求分析师 -a city=170020 finish executed.
2022-10-17 19:30:54,644 -- scheduler_log -- INFO -- cmp_new length is 143
2022-10-17 19:30:54,877 -- scheduler_log -- INFO -- rec_new length is 15
